[debug] [2025-03-19T19:52:08.802Z] ----------------------------------------------------------------------
[debug] [2025-03-19T19:52:08.806Z] Command:       C:\Program Files\nodejs\node.exe C:\Users\USER\AppData\Roaming\npm\node_modules\firebase-tools\lib\bin\firebase.js use --add
[debug] [2025-03-19T19:52:08.807Z] CLI Version:   13.34.0
[debug] [2025-03-19T19:52:08.807Z] Platform:      win32
[debug] [2025-03-19T19:52:08.807Z] Node Version:  v22.12.0
[debug] [2025-03-19T19:52:08.809Z] Time:          Thu Mar 20 2025 01:22:08 GMT+0530 (India Standard Time)
[debug] [2025-03-19T19:52:08.809Z] ----------------------------------------------------------------------
[debug] 
[debug] [2025-03-19T19:52:09.214Z] > command requires scopes: ["email","openid","https://www.googleapis.com/auth/cloudplatformprojects.readonly","https://www.googleapis.com/auth/firebase","https://www.googleapis.com/auth/cloud-platform"]
[debug] [2025-03-19T19:52:09.215Z] > authorizing via signed-in user (mmohammedashik2006@gmail.com)
[debug] [2025-03-19T19:52:09.220Z] Checked if tokens are valid: false, expires at: 1742414518335
[debug] [2025-03-19T19:52:09.220Z] Checked if tokens are valid: false, expires at: 1742414518335
[debug] [2025-03-19T19:52:09.220Z] > refreshing access token with scopes: []
[debug] [2025-03-19T19:52:09.224Z] >>> [apiv2][query] POST https://www.googleapis.com/oauth2/v3/token [none]
[debug] [2025-03-19T19:52:09.224Z] >>> [apiv2][body] POST https://www.googleapis.com/oauth2/v3/token [omitted]
[debug] [2025-03-19T19:52:09.830Z] <<< [apiv2][status] POST https://www.googleapis.com/oauth2/v3/token 200
[debug] [2025-03-19T19:52:09.831Z] <<< [apiv2][body] POST https://www.googleapis.com/oauth2/v3/token [omitted]
[debug] [2025-03-19T19:52:09.863Z] >>> [apiv2][query] GET https://firebase.googleapis.com/v1beta1/projects pageSize=1000
[debug] [2025-03-19T19:52:10.903Z] <<< [apiv2][status] GET https://firebase.googleapis.com/v1beta1/projects 200
[debug] [2025-03-19T19:52:10.903Z] <<< [apiv2][body] GET https://firebase.googleapis.com/v1beta1/projects [omitted]
